[22:07:11] alt:V Server 4.0-dev12 (dev)
[22:07:12] Starting MetroV Dev Server on 0.0.0.0:19132
[22:07:12] C:\Program Files\dotnet\host\fxr\5.0.7\hostfxr.dll
[22:07:12] coreclr-module: version found: 2.1.28
[22:07:12] coreclr-module: version found: 3.1.15
[22:07:12] coreclr-module: version found: 3.1.16
[22:07:12] coreclr-module: version found: 5.0.4
[22:07:12] coreclr-module: version found: 5.0.6
[22:07:12] coreclr-module: version found: 5.0.7
[22:07:12] coreclr-module: greatest version: 5.0.7
[22:07:12] Loading resource policestation
[22:07:12] Loaded resource policestation
[22:07:12] Loading resource acls
[22:07:12] Loaded resource acls
[22:07:12] Loading resource flott_autohandel
[22:07:12] Loaded resource flott_autohandel
[22:07:12] Loading resource mazebank
[22:07:12] Loaded resource mazebank
[22:07:12] Loading resource mrpd
[22:07:12] Loaded resource mrpd
[22:07:12] Loading resource gabz_pillbox
[22:07:12] Loaded resource gabz_pillbox
[22:07:12] Loading resource gabz_pillboxloader
[22:07:12] Loaded resource gabz_pillboxloader
[22:07:12] Loading resource 18mustangum
[22:07:12] Loaded resource 18mustangum
[22:07:12] Loading resource 67mustang
[22:07:12] Loaded resource 67mustang
[22:07:12] Loading resource 560sec87
[22:07:12] Loaded resource 560sec87
[22:07:12] Loading resource 720s
[22:07:12] Loaded resource 720s
[22:07:12] Loading resource c3chrg
[22:07:12] Loaded resource c3chrg
[22:07:12] Loading resource c3chgr18
[22:07:12] Loaded resource c3chgr18
[22:07:12] Loading resource czr1
[22:07:12] Loaded resource czr1
[22:07:12] Loading resource i8
[22:07:12] Loaded resource i8
[22:07:12] Loading resource tr22
[22:07:12] Loaded resource tr22
[22:07:12] Loading resource intr
[22:07:12] Loaded resource intr
[22:07:12] Loading resource ppd1
[22:07:12] Loaded resource ppd1
[22:07:12] Loading resource gtr
[22:07:12] Loaded resource gtr
[22:07:12] Loading resource mcgt20
[22:07:12] Loaded resource mcgt20
[22:07:12] Loading resource mgt
[22:07:12] Loaded resource mgt
[22:07:12] Loading resource pol718
[22:07:12] Loaded resource pol718
[22:07:12] Loading resource urus
[22:07:13] Loaded resource urus
[22:07:13] Loading resource f12ber
[22:07:13] Loaded resource f12ber
[22:07:13] Loading resource gt63samg
[22:07:13] Loaded resource gt63samg
[22:07:13] Loading resource huracansto2021
[22:07:13] Loaded resource huracansto2021
[22:07:13] Loading resource rmodamgc63
[22:07:13] Loaded resource rmodamgc63
[22:07:13] Loading resource xkgt
[22:07:13] Loaded resource xkgt
[22:07:13] Loading resource medicpack
[22:07:13] Loaded resource medicpack
[22:07:13] Loading resource bison2
[22:07:13] Loaded resource bison2
[22:07:13] Loading resource chat
[22:07:13] Loaded resource chat
[22:07:13] Loading resource roleplay
[22:07:18] MySqlConnector.MySqlException (0x80004005): Unable to connect to any of the specified MySQL hosts.
   at MySqlConnector.Core.ServerSession.ConnectAsync(ConnectionSettings cs, Int32 startTickCount, ILoadBalancer loadBalancer, IOBehavior ioBehavior, CancellationToken cancellationToken)
   at MySqlConnector.Core.ConnectionPool.ConnectSessionAsync(String logMessage, Int32 startTickCount, IOBehavior ioBehavior, CancellationToken cancellationToken)
   at MySqlConnector.Core.ConnectionPool.GetSessionAsync(MySqlConnection connection, Int32 startTickCount, IOBehavior ioBehavior, CancellationToken cancellationToken)
   at MySqlConnector.Core.ConnectionPool.GetSessionAsync(MySqlConnection connection, Int32 startTickCount, IOBehavior ioBehavior, CancellationToken cancellationToken)
   at MySqlConnector.MySqlConnection.CreateSessionAsync(ConnectionPool pool, Int32 startTickCount, Nullable`1 ioBehavior, CancellationToken cancellationToken)
   at MySqlConnector.MySqlConnection.OpenAsync(Nullable`1 ioBehavior, CancellationToken cancellationToken)
   at MySqlConnector.MySqlConnection.Open()
   at Microsoft.EntityFrameworkCore.ServerVersion.AutoDetect(String connectionString)
   at Altv_Roleplay.models.gtaContext.OnConfiguring(DbContextOptionsBuilder optionsBuilder)
   at Microsoft.EntityFrameworkCore.DbContext.get_InternalServiceProvider()
   at Microsoft.EntityFrameworkCore.DbContext.get_DbContextDependencies()
   at Microsoft.EntityFrameworkCore.DbContext.get_Model()
   at Microsoft.EntityFrameworkCore.Internal.InternalDbSet`1.get_EntityType()
   at Microsoft.EntityFrameworkCore.Internal.InternalDbSet`1.get_EntityQueryable()
   at Microsoft.EntityFrameworkCore.Internal.InternalDbSet`1.System.Collections.Generic.IEnumerable<TEntity>.GetEnumerator()
   at System.Collections.Generic.List`1..ctor(IEnumerable`1 collection)
   at System.Linq.Enumerable.ToList[TSource](IEnumerable`1 source)
   at Altv_Roleplay.Database.DatabaseHandler.ResetDatabaseOnlineState()
